*** Starting uWSGI 2.0.18 (64bit) on [Sat Feb 12 19:06:58 2022] ***
compiled with version: 7.5.0 on 12 February 2022 11:06:01
os: Linux-5.4.0-91-generic #102~18.04.1-Ubuntu SMP Thu Nov 11 14:46:36 UTC 2021
nodename: ubuntu1201
machine: x86_64
clock source: unix
detected number of CPU cores: 4
current working directory: /mnt/hgfs/share_Django/day08/mysite7/mysite7
writing pidfile to uwsgi.pid
detected binary path: /usr/local/bin/uwsgi
!!! no internal routing support, rebuild with pcre support !!!
chdir() to /mnt/hgfs/share_Django/day08/mysite7
your processes number limit is 31539
your memory page size is 4096 bytes
detected max file descriptor number: 1024
lock engine: pthread robust mutexes
thunder lock: disabled (you can enable it with --thunder-lock)
uWSGI http bound on 127.0.0.1:8000 fd 4
uwsgi socket 0 bound to TCP address 127.0.0.1:36363 (port auto-assigned) fd 3
Python version: 3.6.9 (default, Dec  8 2021, 21:08:43)  [GCC 8.4.0]
Python main interpreter initialized at 0x5593f3648580
python threads support enabled
your server socket listen backlog is limited to 100 connections
your mercy for graceful operations on workers is 60 seconds
mapped 166752 bytes (162 KB) for 2 cores
*** Operational MODE: threaded ***
WSGI app 0 (mountpoint='') ready in 1 seconds on interpreter 0x5593f3648580 pid: 7380 (default app)
*** uWSGI is running in multiple interpreter mode ***
spawned uWSGI master process (pid: 7380)
spawned uWSGI worker 1 (pid: 7382, cores: 2)
spawned uWSGI http 1 (pid: 7384)
Not Found: /index
[pid: 7382|app: 0|req: 1/1] 127.0.0.1 () {46 vars in 835 bytes} [Sat Feb 12 19:08:52 2022] GET /index => generated 2849 bytes in 130 msecs (HTTP/1.1 404) 3 headers in 102 bytes (1 switches on core 0)
Not Found: /favicon.ico
[pid: 7382|app: 0|req: 2/2] 127.0.0.1 () {44 vars in 773 bytes} [Sat Feb 12 19:08:52 2022] GET /favicon.ico => generated 2867 bytes in 2 msecs (HTTP/1.1 404) 3 headers in 102 bytes (1 switches on core 1)
[pid: 7382|app: 0|req: 3/3] 127.0.0.1 () {46 vars in 843 bytes} [Sat Feb 12 19:09:09 2022] GET /test_csrf => generated 418 bytes in 71 msecs (HTTP/1.1 200) 5 headers in 291 bytes (1 switches on core 0)
[pid: 7382|app: 0|req: 4/4] 127.0.0.1 () {54 vars in 1003 bytes} [Sat Feb 12 19:09:10 2022] POST /test_csrf => generated 21 bytes in 0 msecs (HTTP/1.1 200) 3 headers in 108 bytes (1 switches on core 1)
[pid: 7382|app: 0|req: 5/5] 127.0.0.1 () {54 vars in 1003 bytes} [Sat Feb 12 19:09:14 2022] POST /test_csrf => generated 21 bytes in 0 msecs (HTTP/1.1 200) 3 headers in 108 bytes (1 switches on core 0)
SIGINT/SIGQUIT received...killing workers...
gateway "uWSGI http 1" has been buried (pid: 7384)
worker 1 buried after 1 seconds
goodbye to uWSGI.
*** Starting uWSGI 2.0.18 (64bit) on [Sat Feb 12 20:04:24 2022] ***
compiled with version: 7.5.0 on 12 February 2022 11:06:01
os: Linux-5.4.0-91-generic #102~18.04.1-Ubuntu SMP Thu Nov 11 14:46:36 UTC 2021
nodename: ubuntu1201
machine: x86_64
clock source: unix
detected number of CPU cores: 4
current working directory: /mnt/hgfs/share_Django/day08/mysite7/mysite7
writing pidfile to uwsgi.pid
detected binary path: /usr/local/bin/uwsgi
!!! no internal routing support, rebuild with pcre support !!!
chdir() to /mnt/hgfs/share_Django/day08/mysite7
your processes number limit is 31539
your memory page size is 4096 bytes
detected max file descriptor number: 1024
lock engine: pthread robust mutexes
thunder lock: disabled (you can enable it with --thunder-lock)
uwsgi socket 0 bound to TCP address 127.0.0.1:8000 fd 3
Python version: 3.6.9 (default, Dec  8 2021, 21:08:43)  [GCC 8.4.0]
Python main interpreter initialized at 0x56097c82f480
python threads support enabled
your server socket listen backlog is limited to 100 connections
your mercy for graceful operations on workers is 60 seconds
mapped 166752 bytes (162 KB) for 2 cores
*** Operational MODE: threaded ***
WSGI app 0 (mountpoint='') ready in 0 seconds on interpreter 0x56097c82f480 pid: 10666 (default app)
*** uWSGI is running in multiple interpreter mode ***
spawned uWSGI master process (pid: 10666)
spawned uWSGI worker 1 (pid: 10668, cores: 2)
invalid request block size: 21573 (max 4096)...skip
invalid request block size: 21573 (max 4096)...skip
invalid request block size: 21573 (max 4096)...skip
invalid request block size: 21573 (max 4096)...skip
invalid request block size: 21573 (max 4096)...skip
invalid request block size: 21573 (max 4096)...skip
invalid request block size: 21573 (max 4096)...skip
invalid request block size: 21573 (max 4096)...skip
invalid request block size: 21573 (max 4096)...skip
invalid request block size: 21573 (max 4096)...skip
invalid request block size: 21573 (max 4096)...skip
invalid request block size: 21573 (max 4096)...skip
invalid request block size: 21573 (max 4096)...skip
invalid request block size: 21573 (max 4096)...skip
invalid request block size: 21573 (max 4096)...skip
invalid request block size: 21573 (max 4096)...skip
invalid request block size: 21573 (max 4096)...skip
invalid request block size: 21573 (max 4096)...skip
invalid request block size: 21573 (max 4096)...skip
invalid request block size: 21573 (max 4096)...skip
SIGINT/SIGQUIT received...killing workers...
worker 1 buried after 1 seconds
goodbye to uWSGI.
*** Starting uWSGI 2.0.18 (64bit) on [Sat Feb 12 20:05:59 2022] ***
compiled with version: 7.5.0 on 12 February 2022 11:06:01
os: Linux-5.4.0-91-generic #102~18.04.1-Ubuntu SMP Thu Nov 11 14:46:36 UTC 2021
nodename: ubuntu1201
machine: x86_64
clock source: unix
detected number of CPU cores: 4
current working directory: /mnt/hgfs/share_Django/day08/mysite7/mysite7
writing pidfile to uwsgi.pid
detected binary path: /usr/local/bin/uwsgi
!!! no internal routing support, rebuild with pcre support !!!
chdir() to /mnt/hgfs/share_Django/day08/mysite7
your processes number limit is 31539
your memory page size is 4096 bytes
detected max file descriptor number: 1024
lock engine: pthread robust mutexes
thunder lock: disabled (you can enable it with --thunder-lock)
uwsgi socket 0 bound to TCP address 127.0.0.1:8000 fd 3
Python version: 3.6.9 (default, Dec  8 2021, 21:08:43)  [GCC 8.4.0]
Python main interpreter initialized at 0x5564eb6f5470
python threads support enabled
your server socket listen backlog is limited to 100 connections
your mercy for graceful operations on workers is 60 seconds
mapped 166752 bytes (162 KB) for 2 cores
*** Operational MODE: threaded ***
WSGI app 0 (mountpoint='') ready in 0 seconds on interpreter 0x5564eb6f5470 pid: 10750 (default app)
*** uWSGI is running in multiple interpreter mode ***
spawned uWSGI master process (pid: 10750)
spawned uWSGI worker 1 (pid: 10752, cores: 2)
invalid request block size: 21573 (max 4096)...skip
invalid request block size: 21573 (max 4096)...skip
invalid request block size: 21573 (max 4096)...skip
invalid request block size: 21573 (max 4096)...skip
invalid request block size: 21573 (max 4096)...skip
invalid request block size: 21573 (max 4096)...skip
invalid request block size: 21573 (max 4096)...skip
invalid request block size: 21573 (max 4096)...skip
invalid request block size: 21573 (max 4096)...skip
invalid request block size: 21573 (max 4096)...skip
invalid request block size: 21573 (max 4096)...skip
invalid request block size: 21573 (max 4096)...skip
invalid request block size: 21573 (max 4096)...skip
invalid request block size: 21573 (max 4096)...skip
invalid request block size: 21573 (max 4096)...skip
invalid request block size: 21573 (max 4096)...skip
invalid request block size: 21573 (max 4096)...skip
invalid request block size: 21573 (max 4096)...skip
invalid request block size: 21573 (max 4096)...skip
invalid request block size: 21573 (max 4096)...skip
invalid request block size: 21573 (max 4096)...skip
invalid request block size: 21573 (max 4096)...skip
invalid request block size: 21573 (max 4096)...skip
invalid request block size: 21573 (max 4096)...skip
invalid request block size: 21573 (max 4096)...skip
invalid request block size: 21573 (max 4096)...skip
invalid request block size: 21573 (max 4096)...skip
invalid request block size: 21573 (max 4096)...skip
invalid request block size: 21573 (max 4096)...skip
invalid request block size: 21573 (max 4096)...skip
[pid: 10752|app: 0|req: 1/1] 127.0.0.1 () {50 vars in 878 bytes} [Sat Feb 12 20:06:29 2022] GET /test_csrf => generated 418 bytes in 17 msecs (HTTP/1.1 200) 5 headers in 291 bytes (1 switches on core 0)
[pid: 10752|app: 0|req: 2/2] 127.0.0.1 () {58 vars in 1073 bytes} [Sat Feb 12 20:06:33 2022] POST /test_csrf => generated 21 bytes in 1 msecs (HTTP/1.1 200) 3 headers in 108 bytes (1 switches on core 1)
[pid: 10752|app: 0|req: 3/3] 127.0.0.1 () {50 vars in 882 bytes} [Sat Feb 12 20:06:50 2022] GET /test_upload => generated 518 bytes in 10 msecs (HTTP/1.1 200) 5 headers in 291 bytes (1 switches on core 0)
[pid: 10752|app: 0|req: 4/4] 127.0.0.1 () {58 vars in 1183 bytes} [Sat Feb 12 20:07:07 2022] POST /test_upload => generated 16 bytes in 154 msecs (HTTP/1.1 200) 3 headers in 108 bytes (1 switches on core 1)
[pid: 10752|app: 0|req: 5/5] 127.0.0.1 () {58 vars in 1183 bytes} [Sat Feb 12 20:10:54 2022] POST /test_upload => generated 16 bytes in 8 msecs (HTTP/1.1 200) 3 headers in 108 bytes (1 switches on core 0)
[pid: 10752|app: 0|req: 6/6] 127.0.0.1 () {50 vars in 882 bytes} [Sat Feb 12 20:10:57 2022] GET /test_upload => generated 518 bytes in 3 msecs (HTTP/1.1 200) 5 headers in 291 bytes (1 switches on core 1)
[pid: 10752|app: 0|req: 7/7] 127.0.0.1 () {50 vars in 870 bytes} [Sat Feb 12 20:20:15 2022] GET /admin => generated 0 bytes in 11 msecs (HTTP/1.1 301) 3 headers in 112 bytes (1 switches on core 0)
[pid: 10752|app: 0|req: 8/8] 127.0.0.1 () {50 vars in 872 bytes} [Sat Feb 12 20:20:15 2022] GET /admin/ => generated 0 bytes in 94 msecs (HTTP/1.1 302) 7 headers in 336 bytes (1 switches on core 1)
[pid: 10752|app: 0|req: 9/9] 127.0.0.1 () {50 vars in 865 bytes} [Sat Feb 12 20:20:16 2022] GET /admin/login/?next=/admin/ => generated 1821 bytes in 92 msecs (HTTP/1.1 200) 7 headers in 395 bytes (1 switches on core 0)
Not Found: /static/admin/css/login.css
Not Found: /static/admin/css/base.css
[pid: 10752|app: 0|req: 11/10] 127.0.0.1 () {48 vars in 802 bytes} [Sat Feb 12 20:20:16 2022] GET /static/admin/css/login.css => generated 2907 bytes in 4 msecs (HTTP/1.1 404) 3 headers in 102 bytes (1 switches on core 0)
[pid: 10752|app: 0|req: 11/11] 127.0.0.1 () {48 vars in 800 bytes} [Sat Feb 12 20:20:16 2022] GET /static/admin/css/base.css => generated 2904 bytes in 5 msecs (HTTP/1.1 404) 3 headers in 102 bytes (1 switches on core 1)
Not Found: /static/admin/css/responsive.css
[pid: 10752|app: 0|req: 12/12] 127.0.0.1 () {48 vars in 812 bytes} [Sat Feb 12 20:20:16 2022] GET /static/admin/css/responsive.css => generated 2922 bytes in 2 msecs (HTTP/1.1 404) 3 headers in 102 bytes (1 switches on core 0)
SIGINT/SIGQUIT received...killing workers...
worker 1 buried after 1 seconds
goodbye to uWSGI.
*** Starting uWSGI 2.0.18 (64bit) on [Sat Feb 12 20:32:48 2022] ***
compiled with version: 7.5.0 on 12 February 2022 11:06:01
os: Linux-5.4.0-91-generic #102~18.04.1-Ubuntu SMP Thu Nov 11 14:46:36 UTC 2021
nodename: ubuntu1201
machine: x86_64
clock source: unix
detected number of CPU cores: 4
current working directory: /mnt/hgfs/share_Django/day08/mysite7/mysite7
writing pidfile to uwsgi.pid
detected binary path: /usr/local/bin/uwsgi
!!! no internal routing support, rebuild with pcre support !!!
chdir() to /mnt/hgfs/share_Django/day08/mysite7
your processes number limit is 31539
your memory page size is 4096 bytes
detected max file descriptor number: 1024
lock engine: pthread robust mutexes
thunder lock: disabled (you can enable it with --thunder-lock)
uwsgi socket 0 bound to TCP address 127.0.0.1:8000 fd 3
Python version: 3.6.9 (default, Dec  8 2021, 21:08:43)  [GCC 8.4.0]
Python main interpreter initialized at 0x55b8ffd2a470
python threads support enabled
your server socket listen backlog is limited to 100 connections
your mercy for graceful operations on workers is 60 seconds
mapped 166752 bytes (162 KB) for 2 cores
*** Operational MODE: threaded ***
WSGI app 0 (mountpoint='') ready in 0 seconds on interpreter 0x55b8ffd2a470 pid: 11499 (default app)
*** uWSGI is running in multiple interpreter mode ***
spawned uWSGI master process (pid: 11499)
spawned uWSGI worker 1 (pid: 11501, cores: 2)
[pid: 11501|app: 0|req: 1/1] 127.0.0.1 () {52 vars in 896 bytes} [Sat Feb 12 20:32:50 2022] GET /admin/login/?next=/admin/ => generated 1821 bytes in 46 msecs (HTTP/1.1 200) 7 headers in 395 bytes (1 switches on core 0)
[pid: 11501|app: 0|req: 2/2] 127.0.0.1 () {58 vars in 1078 bytes} [Sat Feb 12 20:32:55 2022] POST /admin/login/?next=/admin/ => generated 1951 bytes in 84 msecs (HTTP/1.1 200) 7 headers in 395 bytes (1 switches on core 1)
[pid: 11501|app: 0|req: 3/3] 127.0.0.1 () {58 vars in 1078 bytes} [Sat Feb 12 20:33:00 2022] POST /admin/login/?next=/admin/ => generated 1952 bytes in 39 msecs (HTTP/1.1 200) 7 headers in 395 bytes (1 switches on core 0)
SIGINT/SIGQUIT received...killing workers...
worker 1 buried after 1 seconds
goodbye to uWSGI.
